{"/Users/ishhhb/Documents/Programming/track-open-pull-requests-API/app.js": {"path":"/Users/ishhhb/Documents/Programming/track-open-pull-requests-API/app.js","statementMap":{"0":{"start":{"line":1,"column":16},"end":{"line":1,"column":34}},"1":{"start":{"line":3,"column":15},"end":{"line":3,"column":34}},"2":{"start":{"line":5,"column":19},"end":{"line":5,"column":43}},"3":{"start":{"line":7,"column":12},"end":{"line":7,"column":21}},"4":{"start":{"line":9,"column":0},"end":{"line":9,"column":20}},"5":{"start":{"line":11,"column":0},"end":{"line":11,"column":31}},"6":{"start":{"line":13,"column":0},"end":{"line":13,"column":21}}},"fnMap":{},"branchMap":{},"s":{"0":2,"1":2,"2":2,"3":2,"4":2,"5":2,"6":2},"f":{},"b":{},"_coverageSchema":"1a1c01bbd47fc00a2c39e90264f33305004495a9","hash":"deb4b56b6e4824e1658b446d33c0650d2840824a"}
,"/Users/ishhhb/Documents/Programming/track-open-pull-requests-API/controller.js": {"path":"/Users/ishhhb/Documents/Programming/track-open-pull-requests-API/controller.js","statementMap":{"0":{"start":{"line":1,"column":14},"end":{"line":1,"column":35}},"1":{"start":{"line":2,"column":15},"end":{"line":2,"column":42}},"2":{"start":{"line":5,"column":2},"end":{"line":5,"column":32}},"3":{"start":{"line":9,"column":19},"end":{"line":15,"column":4}},"4":{"start":{"line":16,"column":2},"end":{"line":16,"column":24}},"5":{"start":{"line":17,"column":2},"end":{"line":17,"column":21}},"6":{"start":{"line":21,"column":15},"end":{"line":21,"column":30}},"7":{"start":{"line":22,"column":19},"end":{"line":22,"column":38}},"8":{"start":{"line":23,"column":2},"end":{"line":23,"column":29}},"9":{"start":{"line":24,"column":27},"end":{"line":24,"column":64}},"10":{"start":{"line":25,"column":2},"end":{"line":25,"column":32}},"11":{"start":{"line":26,"column":2},"end":{"line":26,"column":29}},"12":{"start":{"line":29,"column":0},"end":{"line":33,"column":1}}},"fnMap":{"0":{"name":"basicPage","decl":{"start":{"line":4,"column":9},"end":{"line":4,"column":18}},"loc":{"start":{"line":4,"column":29},"end":{"line":6,"column":1}},"line":4},"1":{"name":"getZen","decl":{"start":{"line":8,"column":15},"end":{"line":8,"column":21}},"loc":{"start":{"line":8,"column":32},"end":{"line":18,"column":1}},"line":8},"2":{"name":"fetchPulls","decl":{"start":{"line":20,"column":15},"end":{"line":20,"column":25}},"loc":{"start":{"line":20,"column":35},"end":{"line":27,"column":1}},"line":20}},"branchMap":{},"s":{"0":3,"1":3,"2":4,"3":0,"4":0,"5":0,"6":2,"7":2,"8":2,"9":2,"10":2,"11":2,"12":3},"f":{"0":4,"1":0,"2":2},"b":{},"_coverageSchema":"1a1c01bbd47fc00a2c39e90264f33305004495a9","hash":"965662afa4afc062302e36bc8aa5b5349b9f0721"}
,"/Users/ishhhb/Documents/Programming/track-open-pull-requests-API/github.actions.js": {"path":"/Users/ishhhb/Documents/Programming/track-open-pull-requests-API/github.actions.js","statementMap":{"0":{"start":{"line":1,"column":14},"end":{"line":1,"column":35}},"1":{"start":{"line":2,"column":16},"end":{"line":2,"column":41}},"2":{"start":{"line":5,"column":21},"end":{"line":5,"column":74}},"3":{"start":{"line":7,"column":19},"end":{"line":13,"column":3}},"4":{"start":{"line":15,"column":15},"end":{"line":15,"column":36}},"5":{"start":{"line":16,"column":2},"end":{"line":16,"column":20}},"6":{"start":{"line":18,"column":17},"end":{"line":62,"column":3}},"7":{"start":{"line":20,"column":22},"end":{"line":20,"column":23}},"8":{"start":{"line":21,"column":29},"end":{"line":21,"column":30}},"9":{"start":{"line":22,"column":28},"end":{"line":22,"column":29}},"10":{"start":{"line":23,"column":23},"end":{"line":23,"column":26}},"11":{"start":{"line":25,"column":6},"end":{"line":52,"column":7}},"12":{"start":{"line":26,"column":30},"end":{"line":37,"column":9}},"13":{"start":{"line":39,"column":30},"end":{"line":45,"column":9}},"14":{"start":{"line":47,"column":8},"end":{"line":47,"column":48}},"15":{"start":{"line":48,"column":8},"end":{"line":48,"column":51}},"16":{"start":{"line":49,"column":8},"end":{"line":49,"column":45}},"17":{"start":{"line":50,"column":8},"end":{"line":50,"column":48}},"18":{"start":{"line":51,"column":8},"end":{"line":51,"column":23}},"19":{"start":{"line":54,"column":6},"end":{"line":60,"column":8}},"20":{"start":{"line":63,"column":2},"end":{"line":63,"column":16}},"21":{"start":{"line":66,"column":0},"end":{"line":68,"column":2}}},"fnMap":{"0":{"name":"pullData","decl":{"start":{"line":4,"column":15},"end":{"line":4,"column":23}},"loc":{"start":{"line":4,"column":40},"end":{"line":64,"column":1}},"line":4},"1":{"name":"(anonymous_1)","decl":{"start":{"line":19,"column":23},"end":{"line":19,"column":24}},"loc":{"start":{"line":19,"column":40},"end":{"line":61,"column":5}},"line":19}},"branchMap":{},"s":{"0":3,"1":3,"2":0,"3":0,"4":0,"5":0,"6":0,"7":0,"8":0,"9":0,"10":0,"11":0,"12":0,"13":0,"14":0,"15":0,"16":0,"17":0,"18":0,"19":0,"20":0,"21":3},"f":{"0":0,"1":0},"b":{},"_coverageSchema":"1a1c01bbd47fc00a2c39e90264f33305004495a9","hash":"997a4d65ce66fc1b3e4d5995420664fd6305f906"}
,"/Users/ishhhb/Documents/Programming/track-open-pull-requests-API/middlewares.js": {"path":"/Users/ishhhb/Documents/Programming/track-open-pull-requests-API/middlewares.js","statementMap":{"0":{"start":{"line":4,"column":2},"end":{"line":4,"column":52}},"1":{"start":{"line":5,"column":2},"end":{"line":5,"column":55}},"2":{"start":{"line":6,"column":2},"end":{"line":6,"column":81}},"3":{"start":{"line":7,"column":2},"end":{"line":7,"column":58}},"4":{"start":{"line":8,"column":2},"end":{"line":8,"column":9}},"5":{"start":{"line":11,"column":0},"end":{"line":11,"column":28}}},"fnMap":{"0":{"name":"enableCors","decl":{"start":{"line":3,"column":9},"end":{"line":3,"column":19}},"loc":{"start":{"line":3,"column":37},"end":{"line":9,"column":1}},"line":3}},"branchMap":{},"s":{"0":5,"1":5,"2":5,"3":5,"4":5,"5":2},"f":{"0":5},"b":{},"_coverageSchema":"1a1c01bbd47fc00a2c39e90264f33305004495a9","hash":"7b83550115f8387338ba00b876c3cd1823d817a2"}
,"/Users/ishhhb/Documents/Programming/track-open-pull-requests-API/routes.js": {"path":"/Users/ishhhb/Documents/Programming/track-open-pull-requests-API/routes.js","statementMap":{"0":{"start":{"line":1,"column":16},"end":{"line":1,"column":34}},"1":{"start":{"line":2,"column":19},"end":{"line":2,"column":42}},"2":{"start":{"line":4,"column":15},"end":{"line":4,"column":31}},"3":{"start":{"line":6,"column":0},"end":{"line":6,"column":38}},"4":{"start":{"line":8,"column":0},"end":{"line":8,"column":38}},"5":{"start":{"line":10,"column":0},"end":{"line":10,"column":60}},"6":{"start":{"line":12,"column":0},"end":{"line":12,"column":24}}},"fnMap":{},"branchMap":{},"s":{"0":2,"1":2,"2":2,"3":2,"4":2,"5":2,"6":2},"f":{},"b":{},"_coverageSchema":"1a1c01bbd47fc00a2c39e90264f33305004495a9","hash":"f481f36bb06fb459361ec0cb585e25c6f7ba5e60"}
,"/Users/ishhhb/Documents/Programming/track-open-pull-requests-API/util/options.js": {"path":"/Users/ishhhb/Documents/Programming/track-open-pull-requests-API/util/options.js","statementMap":{"0":{"start":{"line":1,"column":19},"end":{"line":1,"column":42}},"1":{"start":{"line":4,"column":2},"end":{"line":12,"column":5}},"2":{"start":{"line":15,"column":0},"end":{"line":15,"column":28}}},"fnMap":{"0":{"name":"setOptions","decl":{"start":{"line":3,"column":9},"end":{"line":3,"column":19}},"loc":{"start":{"line":3,"column":27},"end":{"line":13,"column":1}},"line":3}},"branchMap":{},"s":{"0":4,"1":1,"2":4},"f":{"0":1},"b":{},"_coverageSchema":"1a1c01bbd47fc00a2c39e90264f33305004495a9","hash":"4dad50401b547d45a275c034ed057d4b9120ee4b"}
,"/Users/ishhhb/Documents/Programming/track-open-pull-requests-API/util/parameters.js": {"path":"/Users/ishhhb/Documents/Programming/track-open-pull-requests-API/util/parameters.js","statementMap":{"0":{"start":{"line":1,"column":19},"end":{"line":6,"column":1}},"1":{"start":{"line":8,"column":0},"end":{"line":8,"column":28}}},"fnMap":{},"branchMap":{},"s":{"0":4,"1":4},"f":{},"b":{},"_coverageSchema":"1a1c01bbd47fc00a2c39e90264f33305004495a9","hash":"e0ea93b9b47bda227f638ad18acb02197a6c9412"}
}
