{"/Users/ishhhb/Documents/Programming/track-open-pull-requests-API/app.js": {"path":"/Users/ishhhb/Documents/Programming/track-open-pull-requests-API/app.js","statementMap":{"0":{"start":{"line":1,"column":16},"end":{"line":1,"column":34}},"1":{"start":{"line":3,"column":15},"end":{"line":3,"column":34}},"2":{"start":{"line":5,"column":19},"end":{"line":5,"column":43}},"3":{"start":{"line":7,"column":12},"end":{"line":7,"column":21}},"4":{"start":{"line":9,"column":0},"end":{"line":9,"column":20}},"5":{"start":{"line":11,"column":0},"end":{"line":11,"column":31}},"6":{"start":{"line":13,"column":0},"end":{"line":13,"column":21}}},"fnMap":{},"branchMap":{},"s":{"0":3,"1":3,"2":3,"3":3,"4":3,"5":3,"6":3},"f":{},"b":{},"_coverageSchema":"1a1c01bbd47fc00a2c39e90264f33305004495a9","hash":"deb4b56b6e4824e1658b446d33c0650d2840824a"}
,"/Users/ishhhb/Documents/Programming/track-open-pull-requests-API/controller.js": {"path":"/Users/ishhhb/Documents/Programming/track-open-pull-requests-API/controller.js","statementMap":{"0":{"start":{"line":1,"column":14},"end":{"line":1,"column":35}},"1":{"start":{"line":2,"column":16},"end":{"line":2,"column":41}},"2":{"start":{"line":5,"column":2},"end":{"line":5,"column":32}},"3":{"start":{"line":9,"column":19},"end":{"line":15,"column":4}},"4":{"start":{"line":16,"column":2},"end":{"line":16,"column":24}},"5":{"start":{"line":17,"column":2},"end":{"line":17,"column":21}},"6":{"start":{"line":21,"column":15},"end":{"line":21,"column":30}},"7":{"start":{"line":22,"column":19},"end":{"line":22,"column":38}},"8":{"start":{"line":23,"column":21},"end":{"line":23,"column":74}},"9":{"start":{"line":25,"column":19},"end":{"line":28,"column":4}},"10":{"start":{"line":30,"column":15},"end":{"line":30,"column":36}},"11":{"start":{"line":31,"column":2},"end":{"line":31,"column":20}},"12":{"start":{"line":32,"column":2},"end":{"line":38,"column":5}},"13":{"start":{"line":41,"column":0},"end":{"line":45,"column":1}}},"fnMap":{"0":{"name":"basicPage","decl":{"start":{"line":4,"column":9},"end":{"line":4,"column":18}},"loc":{"start":{"line":4,"column":29},"end":{"line":6,"column":1}},"line":4},"1":{"name":"getZen","decl":{"start":{"line":8,"column":15},"end":{"line":8,"column":21}},"loc":{"start":{"line":8,"column":32},"end":{"line":18,"column":1}},"line":8},"2":{"name":"fetchPulls","decl":{"start":{"line":20,"column":15},"end":{"line":20,"column":25}},"loc":{"start":{"line":20,"column":35},"end":{"line":39,"column":1}},"line":20}},"branchMap":{},"s":{"0":4,"1":4,"2":4,"3":0,"4":0,"5":0,"6":1,"7":1,"8":1,"9":1,"10":1,"11":1,"12":1,"13":4},"f":{"0":4,"1":0,"2":1},"b":{},"_coverageSchema":"1a1c01bbd47fc00a2c39e90264f33305004495a9","hash":"272e516d8ec4e11bedf55b91e1cd08f2b596db29"}
,"/Users/ishhhb/Documents/Programming/track-open-pull-requests-API/middlewares.js": {"path":"/Users/ishhhb/Documents/Programming/track-open-pull-requests-API/middlewares.js","statementMap":{"0":{"start":{"line":4,"column":2},"end":{"line":4,"column":52}},"1":{"start":{"line":5,"column":2},"end":{"line":5,"column":55}},"2":{"start":{"line":6,"column":2},"end":{"line":6,"column":81}},"3":{"start":{"line":7,"column":2},"end":{"line":7,"column":58}},"4":{"start":{"line":8,"column":2},"end":{"line":8,"column":9}},"5":{"start":{"line":11,"column":0},"end":{"line":11,"column":28}}},"fnMap":{"0":{"name":"enableCors","decl":{"start":{"line":3,"column":9},"end":{"line":3,"column":19}},"loc":{"start":{"line":3,"column":37},"end":{"line":9,"column":1}},"line":3}},"branchMap":{},"s":{"0":5,"1":5,"2":5,"3":5,"4":5,"5":3},"f":{"0":5},"b":{},"_coverageSchema":"1a1c01bbd47fc00a2c39e90264f33305004495a9","hash":"7b83550115f8387338ba00b876c3cd1823d817a2"}
,"/Users/ishhhb/Documents/Programming/track-open-pull-requests-API/routes.js": {"path":"/Users/ishhhb/Documents/Programming/track-open-pull-requests-API/routes.js","statementMap":{"0":{"start":{"line":1,"column":16},"end":{"line":1,"column":34}},"1":{"start":{"line":2,"column":19},"end":{"line":2,"column":42}},"2":{"start":{"line":4,"column":15},"end":{"line":4,"column":31}},"3":{"start":{"line":6,"column":0},"end":{"line":6,"column":38}},"4":{"start":{"line":8,"column":0},"end":{"line":8,"column":38}},"5":{"start":{"line":10,"column":0},"end":{"line":10,"column":60}},"6":{"start":{"line":12,"column":0},"end":{"line":12,"column":24}}},"fnMap":{},"branchMap":{},"s":{"0":4,"1":4,"2":4,"3":4,"4":4,"5":4,"6":4},"f":{},"b":{},"_coverageSchema":"1a1c01bbd47fc00a2c39e90264f33305004495a9","hash":"f481f36bb06fb459361ec0cb585e25c6f7ba5e60"}
,"/Users/ishhhb/Documents/Programming/track-open-pull-requests-API/server.js": {"path":"/Users/ishhhb/Documents/Programming/track-open-pull-requests-API/server.js","statementMap":{"0":{"start":{"line":1,"column":12},"end":{"line":1,"column":28}},"1":{"start":{"line":3,"column":13},"end":{"line":3,"column":17}},"2":{"start":{"line":5,"column":0},"end":{"line":5,"column":73}},"3":{"start":{"line":5,"column":23},"end":{"line":5,"column":71}}},"fnMap":{"0":{"name":"(anonymous_0)","decl":{"start":{"line":5,"column":17},"end":{"line":5,"column":18}},"loc":{"start":{"line":5,"column":23},"end":{"line":5,"column":71}},"line":5}},"branchMap":{},"s":{"0":1,"1":1,"2":1,"3":0},"f":{"0":0},"b":{},"_coverageSchema":"1a1c01bbd47fc00a2c39e90264f33305004495a9","hash":"6929c1cfda8ab5fd622141e067d586e83fe51e03"}
,"/Users/ishhhb/Documents/Programming/track-open-pull-requests-API/util/options.js": {"path":"/Users/ishhhb/Documents/Programming/track-open-pull-requests-API/util/options.js","statementMap":{"0":{"start":{"line":1,"column":19},"end":{"line":1,"column":42}},"1":{"start":{"line":4,"column":2},"end":{"line":12,"column":5}},"2":{"start":{"line":15,"column":0},"end":{"line":15,"column":28}}},"fnMap":{"0":{"name":"setOptions","decl":{"start":{"line":3,"column":9},"end":{"line":3,"column":19}},"loc":{"start":{"line":3,"column":27},"end":{"line":13,"column":1}},"line":3}},"branchMap":{},"s":{"0":4,"1":1,"2":4},"f":{"0":1},"b":{},"_coverageSchema":"1a1c01bbd47fc00a2c39e90264f33305004495a9","hash":"4dad50401b547d45a275c034ed057d4b9120ee4b"}
,"/Users/ishhhb/Documents/Programming/track-open-pull-requests-API/util/parameters.js": {"path":"/Users/ishhhb/Documents/Programming/track-open-pull-requests-API/util/parameters.js","statementMap":{"0":{"start":{"line":1,"column":19},"end":{"line":6,"column":1}},"1":{"start":{"line":8,"column":0},"end":{"line":8,"column":28}}},"fnMap":{},"branchMap":{},"s":{"0":4,"1":4},"f":{},"b":{},"_coverageSchema":"1a1c01bbd47fc00a2c39e90264f33305004495a9","hash":"e0ea93b9b47bda227f638ad18acb02197a6c9412"}
}
