TN:
SF:app.js
FNF:0
FNH:0
DA:1,2
DA:3,2
DA:5,2
DA:7,2
DA:9,2
DA:11,2
DA:13,2
LF:7
LH:7
BRF:0
BRH:0
end_of_record
TN:
SF:controllers.js
FN:4,basicPage
FN:8,getZen
FN:20,fetchPulls
FNF:3
FNH:2
FNDA:4,basicPage
FNDA:0,getZen
FNDA:1,fetchPulls
DA:1,2
DA:2,2
DA:5,4
DA:9,0
DA:16,0
DA:17,0
DA:21,1
DA:22,1
DA:23,1
DA:25,1
DA:30,1
DA:31,1
DA:32,1
DA:41,2
LF:14
LH:11
BRF:0
BRH:0
end_of_record
TN:
SF:middlewares.js
FN:3,enableCors
FNF:1
FNH:1
FNDA:5,enableCors
DA:4,5
DA:5,5
DA:6,5
DA:7,5
DA:8,5
DA:11,2
LF:6
LH:6
BRF:0
BRH:0
end_of_record
TN:
SF:routes.js
FNF:0
FNH:0
DA:1,2
DA:2,2
DA:4,2
DA:6,2
DA:8,2
DA:10,2
DA:12,2
LF:7
LH:7
BRF:0
BRH:0
end_of_record
TN:
SF:util/options.js
FN:3,setOptions
FNF:1
FNH:1
FNDA:1,setOptions
DA:1,2
DA:4,1
DA:15,2
LF:3
LH:3
BRF:0
BRH:0
end_of_record
TN:
SF:util/parameters.js
FNF:0
FNH:0
DA:1,2
DA:8,2
LF:2
LH:2
BRF:0
BRH:0
end_of_record
