TN:
SF:app.js
FNF:0
FNH:0
DA:1,2
DA:3,2
DA:5,2
DA:7,2
DA:9,2
DA:11,2
DA:13,2
LF:7
LH:7
BRF:0
BRH:0
end_of_record
TN:
SF:controller.js
FN:3,basicPage
FN:7,fetchPulls
FNF:2
FNH:2
FNDA:4,basicPage
FNDA:2,fetchPulls
DA:1,3
DA:4,4
DA:8,2
DA:9,2
DA:10,2
DA:11,2
DA:14,3
LF:7
LH:7
BRF:0
BRH:0
end_of_record
TN:
SF:github.actions.js
FN:6,(anonymous_0)
FN:11,(anonymous_1)
FN:34,outputApiData
FN:36,(anonymous_3)
FN:54,getCommitCount
FNF:5
FNH:5
FNDA:2,(anonymous_0)
FNDA:1,(anonymous_1)
FNDA:1,outputApiData
FNDA:2,(anonymous_3)
FNDA:2,getCommitCount
DA:1,4
DA:2,4
DA:7,2
DA:8,2
DA:12,1
DA:13,1
DA:14,1
DA:19,1
DA:21,1
DA:22,1
DA:23,1
DA:25,1
DA:35,1
DA:38,2
DA:39,2
DA:41,2
DA:51,1
DA:55,2
DA:56,2
DA:57,2
DA:58,2
DA:59,2
DA:60,2
DA:73,2
DA:81,2
DA:82,2
DA:83,2
DA:85,2
DA:88,4
LF:29
LH:29
BRF:0
BRH:0
end_of_record
TN:
SF:middlewares.js
FN:3,enableCors
FNF:1
FNH:1
FNDA:5,enableCors
DA:4,5
DA:5,5
DA:6,5
DA:7,5
DA:8,5
DA:11,2
LF:6
LH:6
BRF:0
BRH:0
end_of_record
TN:
SF:routes.js
FNF:0
FNH:0
DA:1,2
DA:2,2
DA:4,2
DA:6,2
DA:8,2
DA:10,2
LF:6
LH:6
BRF:0
BRH:0
end_of_record
TN:
SF:util/options.js
FN:3,setOptions
FNF:1
FNH:1
FNDA:5,setOptions
DA:1,6
DA:4,5
DA:15,6
LF:3
LH:3
BRF:0
BRH:0
end_of_record
TN:
SF:util/parameters.js
FNF:0
FNH:0
DA:1,6
DA:8,6
LF:2
LH:2
BRF:0
BRH:0
end_of_record
